<?xml version="1.0" encoding="UTF-8"?>
<!-- Generated by org.testng.reporters.JUnitReportReporter -->
<testsuite hostname="Paulo-pc" name="spring.webservices.service.test.NewTest" tests="1" failures="0" timestamp="20 Oct 2015 02:58:54 GMT" time="0.031" errors="0">
  <testcase name="f" time="0.031" classname="spring.webservices.service.test.NewTest"/>
</testsuite> <!-- spring.webservices.service.test.NewTest -->
